<?xml version="1.0" encoding="UTF-8"?>
<testsuite xmlns:xsi="http://www.w3.org/2001/XMLSchema-instance" xsi:noNamespaceSchemaLocation="https://maven.apache.org/surefire/maven-surefire-plugin/xsd/surefire-test-report.xsd" name="HospitalTest" time="0.113" tests="24" errors="3" skipped="0" failures="5">
  <properties>
[...]
</properties>
  <testcase name="realizarPagamentoMedicoNuloSemExcecao" classname="HospitalTest" time="0.05">
    <failure message="Unexpected exception thrown: java.lang.NullPointerException" type="org.opentest4j.AssertionFailedError">org.opentest4j.AssertionFailedError: Unexpected exception thrown: java.lang.NullPointerException
	at HospitalTest.realizarPagamentoMedicoNuloSemExcecao(HospitalTest.java:83)
Caused by: java.lang.NullPointerException
	at HospitalTest.lambda$realizarPagamentoMedicoNuloSemExcecao$4(HospitalTest.java:83)
	at HospitalTest.realizarPagamentoMedicoNuloSemExcecao(HospitalTest.java:83)
</failure>
  </testcase>
  <testcase name="realizarPagamentoMedicoNulo" classname="HospitalTest" time="0">
    <error type="java.lang.NullPointerException">java.lang.NullPointerException
	at HospitalTest.realizarPagamentoMedicoNulo(HospitalTest.java:74)
</error>
  </testcase>
  <testcase name="realizarPagamentoMedicoInativo" classname="HospitalTest" time="0.003"/>
  <testcase name="construtorHospital" classname="HospitalTest" time="0.001"/>
  <testcase name="realizarPagamentoHoraExtraMedicoNulo" classname="HospitalTest" time="0.001">
    <error type="java.lang.NullPointerException">java.lang.NullPointerException
	at HospitalTest.realizarPagamentoHoraExtraMedicoNulo(HospitalTest.java:132)
</error>
  </testcase>
  <testcase name="classeHospitalGettersESetters" classname="HospitalTest" time="0.015"/>
  <testcase name="realizarPagamentoValorValido" classname="HospitalTest" time="0.002">
    <failure message="expected: &lt;1&gt; but was: &lt;0&gt;" type="org.opentest4j.AssertionFailedError"><![CDATA[org.opentest4j.AssertionFailedError: expected: <1> but was: <0>
	at HospitalTest.realizarPagamentoValorValido(HospitalTest.java:58)
]]></failure>
  </testcase>
  <testcase name="classeMedicoAtributosPrivados" classname="HospitalTest" time="0.002"/>
  <testcase name="realizarPagamentoHoraExtraValorInvalido" classname="HospitalTest" time="0"/>
  <testcase name="desligarMedicoInvalido" classname="HospitalTest" time="0.001"/>
  <testcase name="realizarPagamentoHoraExtraNull" classname="HospitalTest" time="0.001">
    <error type="java.lang.NullPointerException">java.lang.NullPointerException
	at HospitalTest.realizarPagamentoHoraExtraNull(HospitalTest.java:166)
</error>
  </testcase>
  <testcase name="realizarPagamentoHoraExtraNegativa" classname="HospitalTest" time="0.002">
    <failure message="expected: &lt;0.0&gt; but was: &lt;10.0&gt;" type="org.opentest4j.AssertionFailedError"><![CDATA[org.opentest4j.AssertionFailedError: expected: <0.0> but was: <10.0>
	at HospitalTest.realizarPagamentoHoraExtraNegativa(HospitalTest.java:158)
]]></failure>
  </testcase>
  <testcase name="realizarPagamentoHoraExtraMedicoNuloSemExcecao" classname="HospitalTest" time="0.002">
    <failure message="Unexpected exception thrown: java.lang.NullPointerException" type="org.opentest4j.AssertionFailedError">org.opentest4j.AssertionFailedError: Unexpected exception thrown: java.lang.NullPointerException
	at HospitalTest.realizarPagamentoHoraExtraMedicoNuloSemExcecao(HospitalTest.java:141)
Caused by: java.lang.NullPointerException
	at HospitalTest.lambda$realizarPagamentoHoraExtraMedicoNuloSemExcecao$6(HospitalTest.java:141)
	at HospitalTest.realizarPagamentoHoraExtraMedicoNuloSemExcecao(HospitalTest.java:141)
</failure>
  </testcase>
  <testcase name="construtorMedico" classname="HospitalTest" time="0.002"/>
  <testcase name="realizarPagamentoHoraExtraValorValido" classname="HospitalTest" time="0.001">
    <failure message="expected: &lt;20.0&gt; but was: &lt;10.0&gt;" type="org.opentest4j.AssertionFailedError"><![CDATA[org.opentest4j.AssertionFailedError: expected: <20.0> but was: <10.0>
	at HospitalTest.realizarPagamentoHoraExtraValorValido(HospitalTest.java:115)
]]></failure>
  </testcase>
  <testcase name="classeHospitalAtributosPrivados" classname="HospitalTest" time="0.001"/>
  <testcase name="realizarPagamentoValorInvalido" classname="HospitalTest" time="0.001"/>
  <testcase name="realizarPagamentoValorNulo" classname="HospitalTest" time="0.001"/>
  <testcase name="realizarPagamentoHoraExtraMedicoInativo" classname="HospitalTest" time="0.001"/>
  <testcase name="classeMedicoMetodosPublicos" classname="HospitalTest" time="0.001"/>
  <testcase name="classeMedicoGettersESetters" classname="HospitalTest" time="0.001"/>
  <testcase name="classeHospitalaMetodosPublicos" classname="HospitalTest" time="0.001"/>
  <testcase name="desligarMedicoValido" classname="HospitalTest" time="0.001"/>
  <testcase name="realizarPagamentoValorNuloSemExcecao" classname="HospitalTest" time="0"/>
</testsuite>