<?xml version="1.0" encoding="UTF-8"?>
<testsuite xmlns:xsi="http://www.w3.org/2001/XMLSchema-instance" xsi:noNamespaceSchemaLocation="https://maven.apache.org/surefire/maven-surefire-plugin/xsd/surefire-test-report-3.0.xsd" version="3.0" name="school.sptech.avaliacao.continuada2.incompleto.ConcessionariaTest" time="0.122" tests="31" errors="14" skipped="0" failures="1">
  <properties>
    <property name="sun.desktop" value="windows"/>
    <property name="awt.toolkit" value="sun.awt.windows.WToolkit"/>
    <property name="java.specification.version" value="11"/>
    <property name="sun.cpu.isalist" value="amd64"/>
    <property name="sun.jnu.encoding" value="Cp1252"/>
    <property name="java.class.path" value="C:\Users\gabriel.f.a.santos\Documents\avaliacao-continuada2-gabriel-farias-santos\target\test-classes;C:\Users\gabriel.f.a.santos\Documents\avaliacao-continuada2-gabriel-farias-santos\target\classes;C:\Users\gabriel.f.a.santos\.m2\repository\org\apache\commons\commons-lang3\3.12.0\commons-lang3-3.12.0.jar;C:\Users\gabriel.f.a.santos\.m2\repository\org\junit\jupiter\junit-jupiter-api\5.6.0\junit-jupiter-api-5.6.0.jar;C:\Users\gabriel.f.a.santos\.m2\repository\org\apiguardian\apiguardian-api\1.1.0\apiguardian-api-1.1.0.jar;C:\Users\gabriel.f.a.santos\.m2\repository\org\opentest4j\opentest4j\1.2.0\opentest4j-1.2.0.jar;C:\Users\gabriel.f.a.santos\.m2\repository\org\junit\platform\junit-platform-commons\1.6.0\junit-platform-commons-1.6.0.jar;C:\Users\gabriel.f.a.santos\.m2\repository\org\junit\jupiter\junit-jupiter-params\5.6.0\junit-jupiter-params-5.6.0.jar;C:\Users\gabriel.f.a.santos\.m2\repository\org\junit\jupiter\junit-jupiter-engine\5.6.0\junit-jupiter-engine-5.6.0.jar;C:\Users\gabriel.f.a.santos\.m2\repository\org\junit\platform\junit-platform-engine\1.6.0\junit-platform-engine-1.6.0.jar;"/>
    <property name="java.vm.vendor" value="Oracle Corporation"/>
    <property name="sun.arch.data.model" value="64"/>
    <property name="user.variant" value=""/>
    <property name="java.vendor.url" value="https://openjdk.java.net/"/>
    <property name="user.timezone" value="America/Sao_Paulo"/>
    <property name="java.vm.specification.version" value="11"/>
    <property name="os.name" value="Windows 10"/>
    <property name="user.country" value="BR"/>
    <property name="sun.java.launcher" value="SUN_STANDARD"/>
    <property name="sun.boot.library.path" value="C:\Program Files\Java\jdk-11.0.10\bin"/>
    <property name="sun.java.command" value="C:\Users\gabriel.f.a.santos\AppData\Local\Temp\surefire8307756388486640562\surefirebooter10827584686286441373.jar C:\Users\gabriel.f.a.santos\AppData\Local\Temp\surefire8307756388486640562 2022-10-11T20-40-47_851-jvmRun1 surefire17145817973896509899tmp surefire_014306284483960575082tmp"/>
    <property name="jdk.debug" value="release"/>
    <property name="surefire.test.class.path" value="C:\Users\gabriel.f.a.santos\Documents\avaliacao-continuada2-gabriel-farias-santos\target\test-classes;C:\Users\gabriel.f.a.santos\Documents\avaliacao-continuada2-gabriel-farias-santos\target\classes;C:\Users\gabriel.f.a.santos\.m2\repository\org\apache\commons\commons-lang3\3.12.0\commons-lang3-3.12.0.jar;C:\Users\gabriel.f.a.santos\.m2\repository\org\junit\jupiter\junit-jupiter-api\5.6.0\junit-jupiter-api-5.6.0.jar;C:\Users\gabriel.f.a.santos\.m2\repository\org\apiguardian\apiguardian-api\1.1.0\apiguardian-api-1.1.0.jar;C:\Users\gabriel.f.a.santos\.m2\repository\org\opentest4j\opentest4j\1.2.0\opentest4j-1.2.0.jar;C:\Users\gabriel.f.a.santos\.m2\repository\org\junit\platform\junit-platform-commons\1.6.0\junit-platform-commons-1.6.0.jar;C:\Users\gabriel.f.a.santos\.m2\repository\org\junit\jupiter\junit-jupiter-params\5.6.0\junit-jupiter-params-5.6.0.jar;C:\Users\gabriel.f.a.santos\.m2\repository\org\junit\jupiter\junit-jupiter-engine\5.6.0\junit-jupiter-engine-5.6.0.jar;C:\Users\gabriel.f.a.santos\.m2\repository\org\junit\platform\junit-platform-engine\1.6.0\junit-platform-engine-1.6.0.jar;"/>
    <property name="sun.cpu.endian" value="little"/>
    <property name="user.home" value="C:\Users\gabriel.f.a.santos"/>
    <property name="user.language" value="pt"/>
    <property name="java.specification.vendor" value="Oracle Corporation"/>
    <property name="java.version.date" value="2021-01-19"/>
    <property name="java.home" value="C:\Program Files\Java\jdk-11.0.10"/>
    <property name="file.separator" value="\"/>
    <property name="basedir" value="C:\Users\gabriel.f.a.santos\Documents\avaliacao-continuada2-gabriel-farias-santos"/>
    <property name="java.vm.compressedOopsMode" value="Zero based"/>
    <property name="line.separator" value="&#10;"/>
    <property name="java.specification.name" value="Java Platform API Specification"/>
    <property name="java.vm.specification.vendor" value="Oracle Corporation"/>
    <property name="java.awt.graphicsenv" value="sun.awt.Win32GraphicsEnvironment"/>
    <property name="surefire.real.class.path" value="C:\Users\gabriel.f.a.santos\AppData\Local\Temp\surefire8307756388486640562\surefirebooter10827584686286441373.jar"/>
    <property name="user.script" value=""/>
    <property name="sun.management.compiler" value="HotSpot 64-Bit Tiered Compilers"/>
    <property name="java.runtime.version" value="11.0.10+8-LTS-162"/>
    <property name="user.name" value="gabriel.f.a.santos"/>
    <property name="path.separator" value=";"/>
    <property name="os.version" value="10.0"/>
    <property name="java.runtime.name" value="Java(TM) SE Runtime Environment"/>
    <property name="file.encoding" value="UTF-8"/>
    <property name="java.vm.name" value="Java HotSpot(TM) 64-Bit Server VM"/>
    <property name="java.vendor.version" value="18.9"/>
    <property name="maven.ext.class.path" value="C:\Program Files\NetBeans-12.6\netbeans\java\maven-nblib\netbeans-eventspy.jar"/>
    <property name="localRepository" value="C:\Users\gabriel.f.a.santos\.m2\repository"/>
    <property name="java.vendor.url.bug" value="https://bugreport.java.com/bugreport/"/>
    <property name="java.io.tmpdir" value="C:\Users\GABRIE~1.SAN\AppData\Local\Temp\"/>
    <property name="java.version" value="11.0.10"/>
    <property name="user.dir" value="C:\Users\gabriel.f.a.santos\Documents\avaliacao-continuada2-gabriel-farias-santos"/>
    <property name="os.arch" value="amd64"/>
    <property name="java.vm.specification.name" value="Java Virtual Machine Specification"/>
    <property name="java.awt.printerjob" value="sun.awt.windows.WPrinterJob"/>
    <property name="sun.os.patch.level" value=""/>
    <property name="java.library.path" value="C:\Program Files\Java\jdk-11.0.10\bin;C:\windows\Sun\Java\bin;C:\windows\system32;C:\windows;C:\Program Files\Common Files\Oracle\Java\javapath;C:\windows\system32;C:\windows;C:\windows\System32\Wbem;C:\windows\System32\WindowsPowerShell\v1.0\;C:\windows\System32\OpenSSH\;C:\Program Files (x86)\Pulse Secure\VC142.CRT\X64\;C:\Program Files (x86)\Pulse Secure\VC142.CRT\X86\;C:\Program Files (x86)\Common Files\Pulse Secure\VC142.CRT\X64\;C:\Program Files (x86)\Common Files\Pulse Secure\VC142.CRT\X86\;C:\Program Files\MySQL\MySQL Shell 8.0\bin\;C:\Users\gabriel.f.a.santos\AppData\Local\Microsoft\WindowsApps;C:\Users\gabriel.f.a.santos\AppData\Local\Programs\Git\cmd;."/>
    <property name="java.vendor" value="Oracle Corporation"/>
    <property name="java.vm.info" value="mixed mode"/>
    <property name="java.vm.version" value="11.0.10+8-LTS-162"/>
    <property name="sun.io.unicode.encoding" value="UnicodeLittle"/>
    <property name="java.class.version" value="55.0"/>
  </properties>
  <testcase name="realizarVenda(SEM DESCONTO): Quando acionado e veiculo tiver 10 em estoque e valor de tabela inválido, deve retornar 10 após a venda" classname="school.sptech.avaliacao.continuada2.incompleto.ConcessionariaTest" time="0.035"/>
  <testcase name="aumentarEstoque() - Quando acionado com veiculo nulo e quantidade nula não deve lançar excessão" classname="school.sptech.avaliacao.continuada2.incompleto.ConcessionariaTest" time="0.003"/>
  <testcase name="getPercentualVendasComDesconto(): Deve retornar o zero no caso de nenhuma compra com desconto" classname="school.sptech.avaliacao.continuada2.incompleto.ConcessionariaTest" time="0.002">
    <error type="java.lang.RuntimeException"><![CDATA[java.lang.RuntimeException: Uncompilable code - 'void' type not allowed here
	at school.sptech.avaliacao.continuada2.incompleto.ConcessionariaTest.getPercentualVendasZerado(ConcessionariaTest.java:1)
]]></error>
  </testcase>
  <testcase name="realizarVenda(SEM DESCONTO): Quando acionado e veiculo tiver 0 em estoque e valor de tabela inválido, deve retornar 0 após a venda" classname="school.sptech.avaliacao.continuada2.incompleto.ConcessionariaTest" time="0.001"/>
  <testcase name="getPercentualVendasComDesconto(): Deve retornar o percentual correto (100%)" classname="school.sptech.avaliacao.continuada2.incompleto.ConcessionariaTest" time="0.001">
    <error type="java.lang.RuntimeException"><![CDATA[java.lang.RuntimeException: 
Uncompilable code - cannot find symbol
  symbol:   method getQuantidadeDescontosAplicados()
  location: variable concessionaria of type school.sptech.avaliacao.continuada2.incompleto.Concessionaria
	at school.sptech.avaliacao.continuada2.incompleto.ConcessionariaTest.getPercentualVendasComDescontoCalculoDeveRetornar100(ConcessionariaTest.java:1)
]]></error>
  </testcase>
  <testcase name="realizarVenda(COM VEICULO SEM VALOR TABELA): Quando acionado com veiculo sem valor tabela, não deve contabilizar venda e não deve lançar excessão" classname="school.sptech.avaliacao.continuada2.incompleto.ConcessionariaTest" time="0.001">
    <error type="java.lang.RuntimeException"><![CDATA[java.lang.RuntimeException: 
Uncompilable code - cannot find symbol
  symbol:   method getQuantidadeDescontosAplicados()
  location: variable concessionaria of type school.sptech.avaliacao.continuada2.incompleto.Concessionaria
	at school.sptech.avaliacao.continuada2.incompleto.ConcessionariaTest.realizarVendaComVeiculoSemValorTabela(ConcessionariaTest.java:1)
]]></error>
  </testcase>
  <testcase name="realizarVenda(COM DESCONTO NEGATIVO E VEICULO NULO): Quando acionado com veiculo e desconto nulo, não deve contabilizar venda e não deve lançar excessão" classname="school.sptech.avaliacao.continuada2.incompleto.ConcessionariaTest" time="0.001">
    <error type="java.lang.RuntimeException"><![CDATA[java.lang.RuntimeException: 
Uncompilable code - cannot find symbol
  symbol:   method getQuantidadeDescontosAplicados()
  location: variable concessionaria of type school.sptech.avaliacao.continuada2.incompleto.Concessionaria
	at school.sptech.avaliacao.continuada2.incompleto.ConcessionariaTest.realizarVendaComVeiculoNuloEDescontoNegativo(ConcessionariaTest.java:1)
]]></error>
  </testcase>
  <testcase name="realizarVenda(SEM DESCONTO): Quando acionado e um dos veiculos nao possui estoque, deve retornar 1 no getQuantidadeVendida() e 17_537.0 no getTotalVendido()" classname="school.sptech.avaliacao.continuada2.incompleto.ConcessionariaTest" time="0"/>
  <testcase name="classe Concessionaria: Deve ter todos os seus atributos privados" classname="school.sptech.avaliacao.continuada2.incompleto.ConcessionariaTest" time="0.002"/>
  <testcase name="getPercentualVendasComDesconto(): Deve retornar o zero no caso de nenhuma compra com desconto e nenhuma compra sem desconto" classname="school.sptech.avaliacao.continuada2.incompleto.ConcessionariaTest" time="0.001">
    <error type="java.lang.RuntimeException"><![CDATA[java.lang.RuntimeException: Uncompilable code - 'void' type not allowed here
	at school.sptech.avaliacao.continuada2.incompleto.ConcessionariaTest.getPercentualVendasZerado2(ConcessionariaTest.java:1)
]]></error>
  </testcase>
  <testcase name="realizarVenda(COM DESCONTO NEGATIVO): Quando acionado e veiculo tiver 10 em estoque, valor de tabela for 25_550.0 e desconto for negativo, não deve contabilizar venda" classname="school.sptech.avaliacao.continuada2.incompleto.ConcessionariaTest" time="0.001">
    <error type="java.lang.RuntimeException"><![CDATA[java.lang.RuntimeException: 
Uncompilable code - cannot find symbol
  symbol:   method getQuantidadeDescontosAplicados()
  location: variable concessionaria of type school.sptech.avaliacao.continuada2.incompleto.Concessionaria
	at school.sptech.avaliacao.continuada2.incompleto.ConcessionariaTest.realizarVendaComVeiculoValidoEDescontoNegativo(ConcessionariaTest.java:1)
]]></error>
  </testcase>
  <testcase name="realizarVenda(COM VEICULO SEM ESTOQUE): Quando acionado com veiculo sem estoque, não deve contabilizar venda e não deve lançar excessão" classname="school.sptech.avaliacao.continuada2.incompleto.ConcessionariaTest" time="0.001">
    <error type="java.lang.RuntimeException"><![CDATA[java.lang.RuntimeException: 
Uncompilable code - cannot find symbol
  symbol:   method getQuantidadeDescontosAplicados()
  location: variable concessionaria of type school.sptech.avaliacao.continuada2.incompleto.Concessionaria
	at school.sptech.avaliacao.continuada2.incompleto.ConcessionariaTest.realizarVendaComVeiculoSemEstoque(ConcessionariaTest.java:1)
]]></error>
  </testcase>
  <testcase name="aumentarEstoque() - Quando acionado com veiculo valido e quantidade valida deve retornar 7 ao invocar getQuantidadeEstoque()" classname="school.sptech.avaliacao.continuada2.incompleto.ConcessionariaTest" time="0"/>
  <testcase name="getPercentualVendasComDesconto(): Deve retornar o percentual correto (50%)" classname="school.sptech.avaliacao.continuada2.incompleto.ConcessionariaTest" time="0.001">
    <error type="java.lang.RuntimeException"><![CDATA[java.lang.RuntimeException: Uncompilable code - 'void' type not allowed here
	at school.sptech.avaliacao.continuada2.incompleto.ConcessionariaTest.getPercentualVendasComDescontoCalculoDeveRetornar50(ConcessionariaTest.java:1)
]]></error>
  </testcase>
  <testcase name="getPercentualVendasComDesconto(): Deve retornar o percentual correto (75%)" classname="school.sptech.avaliacao.continuada2.incompleto.ConcessionariaTest" time="0">
    <error type="java.lang.RuntimeException"><![CDATA[java.lang.RuntimeException: Uncompilable code - 'void' type not allowed here
	at school.sptech.avaliacao.continuada2.incompleto.ConcessionariaTest.getPercentualVendasComDescontoCalculoDeveRetornar75(ConcessionariaTest.java:1)
]]></error>
  </testcase>
  <testcase name="aumentarEstoque() - Quando acionado com veiculo válido e quantidade negativa não deve alterar valor de estoque" classname="school.sptech.avaliacao.continuada2.incompleto.ConcessionariaTest" time="0.001"/>
  <testcase name="realizarVenda(COM DOIS VEICULOS, UM SEM DESCONTO, UM COM DESCONTO E UM COM VEICULO E DESCONTO NULO): Quando acionado com veiculo e desconto nulo nao deve contabilizar venda e não deve lançar excessão, deve retornar 2 vendas e 1 desconto aplicado, total 34.700" classname="school.sptech.avaliacao.continuada2.incompleto.ConcessionariaTest" time="0.001">
    <error type="java.lang.RuntimeException"><![CDATA[java.lang.RuntimeException: 
Uncompilable code - cannot find symbol
  symbol:   method getQuantidadeDescontosAplicados()
  location: variable concessionaria of type school.sptech.avaliacao.continuada2.incompleto.Concessionaria
	at school.sptech.avaliacao.continuada2.incompleto.ConcessionariaTest.realizarVendaComVeiculoNuloEDescontoNulo(ConcessionariaTest.java:1)
]]></error>
  </testcase>
  <testcase name="realizarVenda(COM DESCONTO 10%): Quando acionado e veiculo tiver 10 em estoque e valor de tabela for 25_550.0, deve retornar 22_995.0 getTotalVendido(), 1 getQuantidadeVendas() e 1 getQuantidadeDescontosAplicados()" classname="school.sptech.avaliacao.continuada2.incompleto.ConcessionariaTest" time="0.001">
    <error type="java.lang.RuntimeException"><![CDATA[java.lang.RuntimeException: 
Uncompilable code - cannot find symbol
  symbol:   method getQuantidadeDescontosAplicados()
  location: variable concessionaria of type school.sptech.avaliacao.continuada2.incompleto.Concessionaria
	at school.sptech.avaliacao.continuada2.incompleto.ConcessionariaTest.realizarVendaComVeiculoValidoEDescontoValido(ConcessionariaTest.java:1)
]]></error>
  </testcase>
  <testcase name="aumentarEstoque() - Quando acionado com veiculo inválido e quantidade negativa não deve lançar excessão" classname="school.sptech.avaliacao.continuada2.incompleto.ConcessionariaTest" time="0.001"/>
  <testcase name="realizarVenda(SEM DESCONTO): Quando acionado e veiculo tiver 0 em estoque e valor de tabela maior que zero, deve retornar 0 após a venda" classname="school.sptech.avaliacao.continuada2.incompleto.ConcessionariaTest" time="0"/>
  <testcase name="aumentarEstoque() - Quando acionado com veiculo nulo e quantidade válida não deve lançar excessão" classname="school.sptech.avaliacao.continuada2.incompleto.ConcessionariaTest" time="0"/>
  <testcase name="classe Concessionaria: Deve ter todos os seus metodos públicos" classname="school.sptech.avaliacao.continuada2.incompleto.ConcessionariaTest" time="0.001"/>
  <testcase name="realizarVenda(SEM DESCONTO): Quando acionado e um dos veiculos nao possuir valor de tabela cadastrado e estoque, deve retornar 1 no getQuantidadeVendida() e 18.957 no getTotalVendido()" classname="school.sptech.avaliacao.continuada2.incompleto.ConcessionariaTest" time="0.001"/>
  <testcase name="classe Concessionaria: todos os atributos devem possuir Getter e não possuir Setter" classname="school.sptech.avaliacao.continuada2.incompleto.ConcessionariaTest" time="0.014"/>
  <testcase name="realizarVenda(SEM DESCONTO): Quando acionado e veiculo tiver 10 em estoque e valor de tabela maior que zero, deve retornar 9 após a venda" classname="school.sptech.avaliacao.continuada2.incompleto.ConcessionariaTest" time="0.001">
    <failure type="org.opentest4j.AssertionFailedError"><![CDATA[org.opentest4j.AssertionFailedError: expected: <9> but was: <-1>
	at school.sptech.avaliacao.continuada2.incompleto.ConcessionariaTest.realizarVendaComEstoqueEPrecoValido(ConcessionariaTest.java:42)
]]></failure>
  </testcase>
  <testcase name="getPercentualVendasComDesconto(): Quando acionado e somente realizar vendas com desconto, deverá retornar 100%" classname="school.sptech.avaliacao.continuada2.incompleto.ConcessionariaTest" time="0.001">
    <error type="java.lang.RuntimeException"><![CDATA[java.lang.RuntimeException: Uncompilable code - 'void' type not allowed here
	at school.sptech.avaliacao.continuada2.incompleto.ConcessionariaTest.getPercentualVendasApenasVendasComDesconto(ConcessionariaTest.java:1)
]]></error>
  </testcase>
  <testcase name="realizarVenda(SEM DESCONTO): Quando acionado e um dos veiculos nao possuir valor de tabela cadastrado, deve retornar 1 no getQuantidadeVendida() e 42_537.0 no getTotalVendido()" classname="school.sptech.avaliacao.continuada2.incompleto.ConcessionariaTest" time="0"/>
  <testcase name="realizarVenda(SEM DESCONTO): Quando acionado e veiculos possuirem estoque maior que zero e valor de tabela maior que zero, deve retornar 2 no getQuantidadeVendida() e 27.537 no getTotalVendido()" classname="school.sptech.avaliacao.continuada2.incompleto.ConcessionariaTest" time="0.001"/>
  <testcase name="aumentarEstoque() - Quando acionado com veiculo válido e quantidade nula não deve lançar excessão" classname="school.sptech.avaliacao.continuada2.incompleto.ConcessionariaTest" time="0.001"/>
  <testcase name="realizarVenda(COM VEICULO SEM VALOR TABELA E SEM ESTOQUE): Quando acionado com veiculo sem valor tabela e sem estoque, não deve contabilizar venda e não deve lançar excessão" classname="school.sptech.avaliacao.continuada2.incompleto.ConcessionariaTest" time="0.001">
    <error type="java.lang.RuntimeException"><![CDATA[java.lang.RuntimeException: 
Uncompilable code - cannot find symbol
  symbol:   method getQuantidadeDescontosAplicados()
  location: variable concessionaria of type school.sptech.avaliacao.continuada2.incompleto.Concessionaria
	at school.sptech.avaliacao.continuada2.incompleto.ConcessionariaTest.realizarVendaComVeiculoSemValorTabelaESemPreco(ConcessionariaTest.java:1)
]]></error>
  </testcase>
  <testcase name="realizarVenda(COM DESCONTO nulo): Quando acionado e veiculo tiver 10 em estoque, valor de tabela for 25_550.0 e desconto for nulo, não deve lançar execessão" classname="school.sptech.avaliacao.continuada2.incompleto.ConcessionariaTest" time="0">
    <error type="java.lang.RuntimeException"><![CDATA[java.lang.RuntimeException: 
Uncompilable code - cannot find symbol
  symbol:   method getQuantidadeDescontosAplicados()
  location: variable concessionaria of type school.sptech.avaliacao.continuada2.incompleto.Concessionaria
	at school.sptech.avaliacao.continuada2.incompleto.ConcessionariaTest.realizarVendaComVeiculoValidoEDescontoNulo(ConcessionariaTest.java:1)
]]></error>
  </testcase>
</testsuite>